<?xml version="1.0" encoding="UTF-8" ?>
<testsuite errors="0" failures="9" hostname="DESKTOP-9ONIFPR" name="HangmanLogicTest" skipped="0" tests="12" time="0.756" timestamp="2018-04-01T21:18:57">
  <properties>
    <property name="netbeans.autoupdate.country" value="GB" />
    <property name="javac.test.classpath" value=":build/classes:lib/edu-test-utils-0.4.2.jar:lib/hamcrest-core-1.3.jar:lib/junit-4.11.jar" />
    <property name="ant.core.lib" value="D:\Program Files\tmcbeans\extide\ant\lib\ant.jar" />
    <property name="javadoc.windowtitle" value="" />
    <property name="user.dir" value="E:\JavaLearning\MOOC\mooc-2013-OOProgrammingWithJava-PART1\week4-083.HangmanLogic" />
    <property name="java.vm.version" value="25.101-b13" />
    <property name="libs.MySQLDriver.classpath" value="D:\Program Files\tmcbeans\ide\modules\ext\mysql-connector-java-5.1.23-bin.jar" />
    <property name="libs.eclipselinkmodelgen.src" value="" />
    <property name="javadoc.notree" value="false" />
    <property name="netbeans.autoupdate.version" value="1.23" />
    <property name="javac.profile.cmd.line.arg" value="" />
    <property name="jdk.home" value="C:\Program Files (x86)\Java\jdk1.8.0_101" />
    <property name="libs.javac-api.src" value="" />
    <property name="javadoc.noindex" value="false" />
    <property name="libs.jpa2-persistence.classpath" value="D:\Program Files\tmcbeans\java\modules\ext\hibernate4\hibernate-jpa-2.1-api-1.0.0.Final.jar" />
    <property name="sun.os.patch.level" value="" />
    <property name="do.archive+manifest.available" value="true" />
    <property name="java.vm.specification.name" value="Java Virtual Machine Specification" />
    <property name="netbeans.autoupdate.variant" value="" />
    <property name="have.tests" value="true" />
    <property name="org.xml.sax.driver" value="com.sun.org.apache.xerces.internal.jaxp.SAXParserImpl$JAXPSAXParser" />
    <property name="libs.hamcrest.classpath" value="D:\Program Files\tmcbeans\platform\modules\ext\hamcrest-core-1.3.jar" />
    <property name="libs.javac-api.javadoc" value="" />
    <property name="os.name" value="Windows 10" />
    <property name="libs.beans-binding.classpath" value="D:\Program Files\tmcbeans\java\modules\ext\beansbinding-1.2.1.jar" />
    <property name="ap.proc.none.internal" value="" />
    <property name="libs.JWSAntTasks.maven-pom" value="" />
    <property name="jnlp.signing.keystore" value="" />
    <property name="libs.testng.src" value="" />
    <property name="java.vendor.url.bug" value="http://bugreport.sun.com/bugreport/" />
    <property name="netbeans.user.dir" value="D:\Program Files\tmcbeans" />
    <property name="libs.jaxb.maven-pom" value="" />
    <property name="os.arch" value="x86" />
    <property name="libs.eclipselink.src" value="" />
    <property name="user.name" value="MrPotatoman" />
    <property name="copylibs.rebase" value="true" />
    <property name="libs.swing-layout.maven-pom" value="" />
    <property name="sun.java.command" value="org.apache.tools.ant.taskdefs.optional.junit.JUnitTestRunner HangmanLogicTest skipNonTests=false filtertrace=true haltOnError=false haltOnFailure=false showoutput=true outputtoformatters=true logfailedtests=true threadid=0 logtestlistenerevents=true formatter=org.apache.tools.ant.taskdefs.optional.junit.BriefJUnitResultFormatter formatter=org.apache.tools.ant.taskdefs.optional.junit.XMLJUnitResultFormatter,E:\JavaLearning\MOOC\mooc-2013-OOProgrammingWithJava-PART1\week4-083.HangmanLogic\build\test\results\TEST-HangmanLogicTest.xml crashfile=E:\JavaLearning\MOOC\mooc-2013-OOProgrammingWithJava-PART1\week4-083.HangmanLogic\build\junitvmwatcher3798001395561645884.properties propsfile=E:\JavaLearning\MOOC\mooc-2013-OOProgrammingWithJava-PART1\week4-083.HangmanLogic\build\junit7014716006202921913.properties" />
    <property name="build.classes.dir" value="build/classes" />
    <property name="file.reference.edu-test-utils-0.4.2.jar" value="lib/edu-test-utils-0.4.2.jar" />
    <property name="jnlp.descriptor" value="application" />
    <property name="build.sysclasspath" value="ignore" />
    <property name="manifest.encoding" value="UTF-8" />
    <property name="ap.supported.internal" value="true" />
    <property name="java.failonerror" value="true" />
    <property name="libs.jaxws21.javadoc" value="D:\Program Files\tmcbeans\java\docs\jaxws-api-doc.zip" />
    <property name="includes" value="**" />
    <property name="user.country" value="GB" />
    <property name="manifest.file" value="manifest.mf" />
    <property name="javadoc.encoding" value="UTF-8" />
    <property name="javac.classpath" value="" />
    <property name="libs.JAVADB_DRIVER_LABEL.src" value="" />
    <property name="libs.spring-framework400.classpath" value="D:\Program Files\tmcbeans\ide\modules\org-apache-commons-logging.jar;D:\Program Files\tmcbeans\java\modules\ext\cglib-2.2.jar;D:\Program Files\tmcbeans\java\modules\ext\spring-4\spring-aop-4.0.1.RELEASE.jar;D:\Program Files\tmcbeans\java\modules\ext\spring-4\spring-aspects-4.0.1.RELEASE.jar;D:\Program Files\tmcbeans\java\modules\ext\spring-4\spring-beans-4.0.1.RELEASE.jar;D:\Program Files\tmcbeans\java\modules\ext\spring-4\spring-build-src-4.0.1.RELEASE.jar;D:\Program Files\tmcbeans\java\modules\ext\spring-4\spring-context-4.0.1.RELEASE.jar;D:\Program Files\tmcbeans\java\modules\ext\spring-4\spring-context-support-4.0.1.RELEASE.jar;D:\Program Files\tmcbeans\java\modules\ext\spring-4\spring-core-4.0.1.RELEASE.jar;D:\Program Files\tmcbeans\java\modules\ext\spring-4\spring-expression-4.0.1.RELEASE.jar;D:\Program Files\tmcbeans\java\modules\ext\spring-4\spring-framework-bom-4.0.1.RELEASE.jar;D:\Program Files\tmcbeans\java\modules\ext\spring-4\spring-instrument-4.0.1.RELEASE.jar;D:\Program Files\tmcbeans\java\modules\ext\spring-4\spring-instrument-tomcat-4.0.1.RELEASE.jar;D:\Program Files\tmcbeans\java\modules\ext\spring-4\spring-jdbc-4.0.1.RELEASE.jar;D:\Program Files\tmcbeans\java\modules\ext\spring-4\spring-jms-4.0.1.RELEASE.jar;D:\Program Files\tmcbeans\java\modules\ext\spring-4\spring-messaging-4.0.1.RELEASE.jar;D:\Program Files\tmcbeans\java\modules\ext\spring-4\spring-orm-4.0.1.RELEASE.jar;D:\Program Files\tmcbeans\java\modules\ext\spring-4\spring-oxm-4.0.1.RELEASE.jar;D:\Program Files\tmcbeans\java\modules\ext\spring-4\spring-test-4.0.1.RELEASE.jar;D:\Program Files\tmcbeans\java\modules\ext\spring-4\spring-tx-4.0.1.RELEASE.jar;D:\Program Files\tmcbeans\java\modules\ext\spring-4\spring-web-4.0.1.RELEASE.jar;D:\Program Files\tmcbeans\java\modules\ext\spring-4\spring-webmvc-4.0.1.RELEASE.jar;D:\Program Files\tmcbeans\java\modules\ext\spring-4\spring-webmvc-portlet-4.0.1.RELEASE.jar;D:\Program Files\tmcbeans\java\modules\ext\spring-4\spring-websocket-4.0.1.RELEASE.jar" />
    <property name="debug-transport" value="dt_shmem" />
    <property name="netbeans.home" value="D:\Program Files\tmcbeans\platform" />
    <property name="build.compiler.emacs" value="true" />
    <property name="java.endorsed.dirs" value="C:\Program Files (x86)\Java\jdk1.8.0_101\jre\lib\endorsed" />
    <property name="netbeans.dynamic.classpath" value="D:\Program Files\tmcbeans\platform\core\asm-all-5.0.1.jar;D:\Program Files\tmcbeans\platform\core\core-base.jar;D:\Program Files\tmcbeans\platform\core\core.jar;D:\Program Files\tmcbeans\platform\core\org-netbeans-libs-asm.jar;D:\Program Files\tmcbeans\platform\core\org-openide-filesystems-compat8.jar;D:\Program Files\tmcbeans\platform\core\org-openide-filesystems.jar;D:\Program Files\tmcbeans\platform\core\locale\core-base_ja.jar;D:\Program Files\tmcbeans\platform\core\locale\core-base_pt_BR.jar;D:\Program Files\tmcbeans\platform\core\locale\core-base_ru.jar;D:\Program Files\tmcbeans\platform\core\locale\core-base_zh_CN.jar;D:\Program Files\tmcbeans\platform\core\locale\core_ja.jar;D:\Program Files\tmcbeans\platform\core\locale\core_pt_BR.jar;D:\Program Files\tmcbeans\platform\core\locale\core_ru.jar;D:\Program Files\tmcbeans\platform\core\locale\core_zh_CN.jar;D:\Program Files\tmcbeans\platform\core\locale\org-netbeans-libs-asm_ja.jar;D:\Program Files\tmcbeans\platform\core\locale\org-netbeans-libs-asm_pt_BR.jar;D:\Program Files\tmcbeans\platform\core\locale\org-netbeans-libs-asm_ru.jar;D:\Program Files\tmcbeans\platform\core\locale\org-netbeans-libs-asm_zh_CN.jar;D:\Program Files\tmcbeans\platform\core\locale\org-openide-filesystems-compat8_ja.jar;D:\Program Files\tmcbeans\platform\core\locale\org-openide-filesystems-compat8_pt_BR.jar;D:\Program Files\tmcbeans\platform\core\locale\org-openide-filesystems-compat8_ru.jar;D:\Program Files\tmcbeans\platform\core\locale\org-openide-filesystems-compat8_zh_CN.jar;D:\Program Files\tmcbeans\platform\core\locale\org-openide-filesystems_ja.jar;D:\Program Files\tmcbeans\platform\core\locale\org-openide-filesystems_pt_BR.jar;D:\Program Files\tmcbeans\platform\core\locale\org-openide-filesystems_ru.jar;D:\Program Files\tmcbeans\platform\core\locale\org-openide-filesystems_zh_CN.jar;D:\Program Files\tmcbeans\tmcbeans\core\locale\core_tmcbeans.jar;D:\Program Files\tmcbeans\nb\core\org-netbeans-upgrader.jar;D:\Program Files\tmcbeans\nb\core\locale\org-netbeans-upgrader_ja.jar;D:\Program Files\tmcbeans\nb\core\locale\org-netbeans-upgrader_pt_BR.jar;D:\Program Files\tmcbeans\nb\core\locale\org-netbeans-upgrader_ru.jar;D:\Program Files\tmcbeans\nb\core\locale\org-netbeans-upgrader_zh_CN.jar" />
    <property name="jnlp.enabled" value="false" />
    <property name="java.vm.specification.version" value="1.8" />
    <property name="libs.hibernate4-support.src" value="" />
    <property name="netbeans.productversion" value="Netbeans with TMC 201609300101" />
    <property name="file.reference.junit-4.11.jar" value="lib/junit-4.11.jar" />
    <property name="libs.jaxws21.src" value="" />
    <property name="application.title" value="083.HangmanLogic" />
    <property name="do.archive" value="true" />
    <property name="netbeans.autoupdate.language" value="en" />
    <property name="java.vendor" value="Oracle Corporation" />
    <property name="jar.index.metainf" value="false" />
    <property name="javac.debug" value="true" />
    <property name="javadoc.splitindex" value="true" />
    <property name="file.separator" value="\" />
    <property name="libs.junit_4.maven-pom" value="" />
    <property name="mkdist.disabled" value="false" />
    <property name="javac.test.processorpath" value=":build/classes:lib/edu-test-utils-0.4.2.jar:lib/hamcrest-core-1.3.jar:lib/junit-4.11.jar" />
    <property name="netbeans.buildnumber" value="1.1.8" />
    <property name="libs.JWSAntTasks.javadoc" value="" />
    <property name="build.generated.sources.dir" value="build/generated-sources" />
    <property name="user.variant" value="" />
    <property name="libs.eclipselinkmodelgen.classpath" value="D:\Program Files\tmcbeans\java\modules\ext\eclipselink\org.eclipse.persistence.jpa.modelgen_2.5.2.v20140319-9ad6abd.jar" />
    <property name="sun.java.launcher" value="SUN_STANDARD" />
    <property name="libs.hibernate4-persistencemodelgen.javadoc" value="" />
    <property name="libs.jaxb.javadoc" value="D:\Program Files\tmcbeans\ide\docs\jaxb-api-doc.zip" />
    <property name="ant.home" value="D:\Program Files\tmcbeans\extide\ant" />
    <property name="libs.junit_4.src" value="D:\Program Files\tmcbeans\platform\docs\junit-4.12-sources.jar" />
    <property name="libs.testng.classpath" value="D:\Program Files\tmcbeans\platform\modules\ext\testng-6.8.1-dist.jar" />
    <property name="libs.absolutelayout.maven-pom" value="" />
    <property name="ant.java.version" value="1.8" />
    <property name="java.library.path" value="C:\Program Files (x86)\Java\jdk1.8.0_101\jre\bin;C:\WINDOWS\Sun\Java\bin;C:\WINDOWS\system32;C:\WINDOWS;C:\Program Files (x86)\Intel\iCLS Client\;C:\Program Files\Intel\iCLS Client\;C:\ProgramData\Oracle\Java\javapath;C:\WINDOWS\system32;C:\WINDOWS;C:\WINDOWS\System32\Wbem;C:\WINDOWS\System32\WindowsPowerShell\v1.0\;C:\Program Files (x86)\AMD\ATI.ACE\Core-Static;C:\Program Files\Intel\Intel(R) Management Engine Components\DAL;C:\Program Files\Intel\Intel(R) Management Engine Components\IPT;C:\Program Files (x86)\Intel\Intel(R) Management Engine Components\DAL;C:\Program Files (x86)\Intel\Intel(R) Management Engine Components\IPT;C:\Program Files\ibm\gsk8\lib64;C:\Program Files (x86)\ibm\gsk8\lib;C:\Program Files\Microsoft\Web Platform Installer\;C:\Program Files (x86)\Microsoft ASP.NET\ASP.NET Web Pages\v1.0\;C:\Program Files (x86)\Windows Kits\8.0\Windows Performance Toolkit\;C:\Program Files\Microsoft SQL Server\110\Tools\Binn\;C:\Program Files\MySQL\MySQL Utilities 1.6\;E:\LINGO64_11\;C:\Users\MrPotatoman\AppData\Local\Microsoft\WindowsApps;;." />
    <property name="javadoc.author" value="false" />
    <property name="java.util.logging.config.class" value="org.netbeans.core.startup.TopLogging" />
    <property name="libs.spring-framework400.src" value="" />
    <property name="libs.PostgreSQLDriver.src" value="" />
    <property name="sun.arch.data.model" value="32" />
    <property name="basedir" value="E:\JavaLearning\MOOC\mooc-2013-OOProgrammingWithJava-PART1\week4-083.HangmanLogic" />
    <property name="libs.jpa20-persistence.maven-pom" value="" />
    <property name="jar.compress" value="false" />
    <property name="path.separator" value=";" />
    <property name="ant.junit.enabletestlistenerevents" value="true" />
    <property name="sun.io.unicode.encoding" value="UnicodeLittle" />
    <property name="libs.jaxws21.classpath" value="D:\Program Files\tmcbeans\ide\modules\ext\jaxb\jaxb-impl.jar;D:\Program Files\tmcbeans\ide\modules\ext\jaxb\jaxb-xjc.jar;D:\Program Files\tmcbeans\java\modules\ext\jaxws22\FastInfoset.jar;D:\Program Files\tmcbeans\java\modules\ext\jaxws22\gmbal-api-only.jar;D:\Program Files\tmcbeans\java\modules\ext\jaxws22\ha-api.jar;D:\Program Files\tmcbeans\java\modules\ext\jaxws22\javax.mail_1.4.jar;D:\Program Files\tmcbeans\java\modules\ext\jaxws22\jaxws-rt.jar;D:\Program Files\tmcbeans\java\modules\ext\jaxws22\jaxws-tools.jar;D:\Program Files\tmcbeans\java\modules\ext\jaxws22\management-api.jar;D:\Program Files\tmcbeans\java\modules\ext\jaxws22\mimepull.jar;D:\Program Files\tmcbeans\java\modules\ext\jaxws22\policy.jar;D:\Program Files\tmcbeans\java\modules\ext\jaxws22\saaj-impl.jar;D:\Program Files\tmcbeans\java\modules\ext\jaxws22\stax-ex.jar;D:\Program Files\tmcbeans\java\modules\ext\jaxws22\stax2-api.jar;D:\Program Files\tmcbeans\java\modules\ext\jaxws22\streambuffer.jar;D:\Program Files\tmcbeans\java\modules\ext\jaxws22\woodstox-core-asl.jar;D:\Program Files\tmcbeans\java\modules\ext\jaxws22\api\jaxws-api.jar;D:\Program Files\tmcbeans\java\modules\ext\jaxws22\api\jsr181-api.jar;D:\Program Files\tmcbeans\java\modules\ext\jaxws22\api\javax.annotation.jar;D:\Program Files\tmcbeans\java\modules\ext\jaxws22\api\saaj-api.jar;D:\Program Files\tmcbeans\ide\modules\ext\jaxb\activation.jar;D:\Program Files\tmcbeans\ide\modules\ext\jaxb\api\jaxb-api.jar;D:\Program Files\tmcbeans\ide\modules\ext\jaxb\api\jsr173_1.0_api.jar" />
    <property name="apple.awt.graphics.UseQuartz" value="true" />
    <property name="user.language" value="en" />
    <property name="ant.file.type.083.HirsipuuLogiikka" value="file" />
    <property name="testng.mode" value="testng" />
    <property name="libs.JAXB-ENDORSED.maven-pom" value="" />
    <property name="libs.eclipselink.maven-pom" value="" />
    <property name="application.vendor" value="avihavai" />
    <property name="test.binaryincludes" value="&lt;nothing&gt;" />
    <property name="manifest.available" value="true" />
    <property name="libs.spring-framework300.maven-pom" value="" />
    <property name="run.test.classpath" value=":build/classes:lib/edu-test-utils-0.4.2.jar:lib/hamcrest-core-1.3.jar:lib/junit-4.11.jar:build/test/classes" />
    <property name="ant.project.invoked-targets" value="test" />
    <property name="test.binaryexcludes" value="" />
    <property name="libs.swing-layout.javadoc" value="D:\Program Files\tmcbeans\platform\docs\swing-layout-1.0.4-doc.zip" />
    <property name="libs.hibernate4-persistence.maven-pom" value="" />
    <property name="https.nonProxyHosts" value="localhost|127.0.0.1|DESKTOP-9ONIFPR" />
    <property name="libs.PostgreSQLDriver.maven-pom" value="" />
    <property name="java.class.version" value="52.0" />
    <property name="libs.JAVADB_DRIVER_LABEL.classpath" value="C:\Program Files (x86)\Java\jdk1.8.0_101\db\lib\derby.jar;C:\Program Files (x86)\Java\jdk1.8.0_101\db\lib\derbyclient.jar;C:\Program Files (x86)\Java\jdk1.8.0_101\db\lib\derbynet.jar" />
    <property name="libs.hibernate4-persistencemodelgen.maven-pom" value="" />
    <property name="libs.eclipselink.javadoc" value="D:\Program Files\tmcbeans\java\modules\ext\docs\javax.persistence-2.1.0-doc.zip" />
    <property name="user.properties.file" value="C:\Users\MrPotatoman\AppData\Roaming\.tmcbeans\8.2.0\build.properties" />
    <property name="runtime.encoding" value="UTF-8" />
    <property name="libs.javac-api.maven-pom" value="" />
    <property name="file.encoding.pkg" value="sun.io" />
    <property name="sun.cpu.endian" value="little" />
    <property name="libs.JAXB-ENDORSED.javadoc" value="" />
    <property name="libs.JWSAntTasks.classpath" value="D:\Program Files\tmcbeans\java\ant\extra\org-netbeans-modules-javawebstart-anttasks.jar" />
    <property name="libs.spring-framework300.src" value="" />
    <property name="empty.dir" value="E:\JavaLearning\MOOC\mooc-2013-OOProgrammingWithJava-PART1\week4-083.HangmanLogic\build\empty" />
    <property name="version-output" value="java version &quot;1.8" />
    <property name="test.binarytestincludes" value="" />
    <property name="libs.hibernate4-persistencemodelgen.src" value="" />
    <property name="javadoc.preview" value="true" />
    <property name="libs.jpa20-persistence.javadoc" value="D:\Program Files\tmcbeans\java\modules\ext\docs\javax.persistence-2.1.0-doc.zip" />
    <property name="java.home" value="C:\Program Files (x86)\Java\jdk1.8.0_101\jre" />
    <property name="debug.test.classpath" value=":build/classes:lib/edu-test-utils-0.4.2.jar:lib/hamcrest-core-1.3.jar:lib/junit-4.11.jar:build/test/classes" />
    <property name="ant.project.default-target" value="default" />
    <property name="annotation.processing.run.all.processors" value="true" />
    <property name="jar.archive.disabled" value="false" />
    <property name="jnlp.signing.alias" value="" />
    <property name="libs.PostgreSQLDriver.javadoc" value="" />
    <property name="libs.MySQLDriver.maven-pom" value="" />
    <property name="libs.hibernate4-persistence.javadoc" value="D:\Program Files\tmcbeans\java\modules\ext\docs\javax.persistence-2.1.0-doc.zip" />
    <property name="http.nonProxyHosts" value="localhost|127.0.0.1|DESKTOP-9ONIFPR" />
    <property name="libs.junit_4.javadoc" value="D:\Program Files\tmcbeans\platform\docs\junit-4.12-javadoc.jar" />
    <property name="run.classpath" value=":build/classes" />
    <property name="jna.boot.library.name" value="jnidispatch-422" />
    <property name="sun.awt.datatransfer.timeout" value="1000" />
    <property name="libs.jpa2-persistence.maven-pom" value="" />
    <property name="annotation.processing.enabled.in.editor" value="false" />
    <property name="libs.hibernate4-support.classpath" value="D:\Program Files\tmcbeans\java\modules\ext\hibernate4\antlr-2.7.7.jar;D:\Program Files\tmcbeans\java\modules\ext\hibernate4\c3p0-0.9.2.1.jar;D:\Program Files\tmcbeans\java\modules\ext\hibernate4\hibernate-c3p0-4.3.1.Final.jar;D:\Program Files\tmcbeans\java\modules\ext\hibernate4\mchange-commons-java-0.2.3.4.jar;D:\Program Files\tmcbeans\java\modules\ext\hibernate4\dom4j-1.6.1.jar;D:\Program Files\tmcbeans\java\modules\ext\hibernate4\ehcache-core-2.4.3.jar;D:\Program Files\tmcbeans\java\modules\ext\hibernate4\hibernate-ehcache-4.3.1.Final.jar;D:\Program Files\tmcbeans\java\modules\ext\hibernate4\hibernate-core-4.3.1.Final.jar;D:\Program Files\tmcbeans\java\modules\ext\hibernate4\jboss-logging-3.1.3.GA.jar;D:\Program Files\tmcbeans\java\modules\ext\hibernate4\hibernate-commons-annotations-4.0.4.Final.jar;D:\Program Files\tmcbeans\java\modules\ext\hibernate4\hibernate-entitymanager-4.3.1.Final.jar;D:\Program Files\tmcbeans\java\modules\ext\hibernate4\javassist-3.18.1-GA.jar;D:\Program Files\tmcbeans\java\modules\ext\hibernate4\jboss-transaction-api_1.2_spec-1.0.0.Final.jar;D:\Program Files\tmcbeans\java\modules\ext\hibernate4\slf4j-api-1.6.1.jar;D:\Program Files\tmcbeans\java\modules\ext\hibernate4\slf4j-simple-1.6.1.jar" />
    <property name="nb.native.filechooser" value="false" />
    <property name="sun.management.compiler" value="HotSpot Client Compiler" />
    <property name="javac.deprecation" value="false" />
    <property name="javadoc.use" value="true" />
    <property name="sun.java2d.noddraw" value="true" />
    <property name="javac.processorpath" value="" />
    <property name="libs.hamcrest.maven-pom" value="" />
    <property name="javac.compilerargs" value="" />
    <property name="ant.file" value="E:\JavaLearning\MOOC\mooc-2013-OOProgrammingWithJava-PART1\week4-083.HangmanLogic\build.xml" />
    <property name="libs.beans-binding.maven-pom" value="" />
    <property name="jnlp.codebase.type" value="no.codebase" />
    <property name="libs.hibernate4-support.javadoc" value="D:\Program Files\tmcbeans\java\modules\ext\docs\javax.persistence-2.1.0-doc.zip" />
    <property name="libs.beans-binding.src" value="" />
    <property name="java.vm.specification.vendor" value="Oracle Corporation" />
    <property name="libs.swing-layout.src" value="D:\Program Files\tmcbeans\platform\docs\swing-layout-1.0.4-src.zip" />
    <property name="org.openide.major.version" value="IDE/1" />
    <property name="java.vm.name" value="Java HotSpot(TM) Client VM" />
    <property name="netbeans.user" value="C:\Users\MrPotatoman\AppData\Roaming\.tmcbeans\8.2.0" />
    <property name="javadoc.additionalparam" value="" />
    <property name="jnlp.offline-allowed" value="false" />
    <property name="java.io.tmpdir" value="C:\Users\MRPOTA~1\AppData\Local\Temp\" />
    <property name="java.vendor.url" value="http://java.oracle.com/" />
    <property name="endorsed.classpath.cmd.line.arg" value="" />
    <property name="jna.loaded" value="true" />
    <property name="junit.available" value="true" />
    <property name="sun.boot.library.path" value="C:\Program Files (x86)\Java\jdk1.8.0_101\jre\bin" />
    <property name="have.sources" value="true" />
    <property name="libs.hamcrest.javadoc" value="" />
    <property name="debug.classpath" value=":build/classes" />
    <property name="javadoc.private" value="false" />
    <property name="test.src.dir" value="test" />
    <property name="ap.processors.internal" value="" />
    <property name="meta.inf.dir" value="src/META-INF" />
    <property name="javadoc.encoding.used" value="UTF-8" />
    <property name="dist.jar" value="dist/083.HangmanLogic.jar" />
    <property name="libs.spring-framework400.maven-pom" value="" />
    <property name="java.runtime.name" value="Java(TM) SE Runtime Environment" />
    <property name="ant.project.name" value="083.HirsipuuLogiikka" />
    <property name="netbeans.hash.code" value="unique=024a31126-46ad-4f27-81a5-a075471c5ce9_0845680c-188a-41ff-a93d-ae7f0c5e93dd" />
    <property name="netbeans.default_userdir_root" value="" />
    <property name="sun.cpu.isalist" value="pentium_pro+mmx pentium_pro pentium+mmx pentium i486 i386 i86" />
    <property name="libs.spring-framework400.javadoc" value="" />
    <property name="libs.CopyLibs.javadoc" value="" />
    <property name="ant.file.083.HirsipuuLogiikka" value="E:\JavaLearning\MOOC\mooc-2013-OOProgrammingWithJava-PART1\week4-083.HangmanLogic\build.xml" />
    <property name="org.openide.specification.version" value="6.2" />
    <property name="user.home" value="C:\Users\MrPotatoman" />
    <property name="annotation.processing.processors.list" value="" />
    <property name="debug-args-line" value="-Xdebug" />
    <property name="libs.JWSAntTasks.src" value="" />
    <property name="jar.index" value="false" />
    <property name="libs.CopyLibs.maven-pom" value="" />
    <property name="libs.spring-framework300.javadoc" value="" />
    <property name="libs.absolutelayout.javadoc" value="" />
    <property name="java.specification.name" value="Java Platform API Specification" />
    <property name="do.archive+main.class.available" value="true" />
    <property name="jnlp.mixed.code" value="default" />
    <property name="java.specification.vendor" value="Oracle Corporation" />
    <property name="libs.javac-api.classpath" value="D:\Program Files\tmcbeans\java\modules\ext\nb-javac-api.jar" />
    <property name="java.version" value="1.8.0_101" />
    <property name="run.jvmargs.ide" value="" />
    <property name="javadoc.version" value="false" />
    <property name="libs.MySQLDriver.javadoc" value="" />
    <property name="org.openide.version" value="deprecated" />
    <property name="platform.java" value="C:\Program Files (x86)\Java\jdk1.8.0_101\jre/bin/java" />
    <property name="source.encoding" value="UTF-8" />
    <property name="ap.cmd.line.internal" value="" />
    <property name="libs.eclipselinkmodelgen.maven-pom" value="" />
    <property name="libs.eclipselinkmodelgen.javadoc" value="" />
    <property name="netbeans.home+have.tests" value="true" />
    <property name="ant.file.083.HangmanLogic-impl" value="E:\JavaLearning\MOOC\mooc-2013-OOProgrammingWithJava-PART1\week4-083.HangmanLogic\nbproject\build-impl.xml" />
    <property name="annotation.processing.processor.options" value="" />
    <property name="libs.testng.maven-pom" value="" />
    <property name="libs.jaxb.src" value="" />
    <property name="jdk.launcher.addexports.5" value="java.management/sun.management=ALL-UNNAMED" />
    <property name="jdk.launcher.addexports.4" value="java.desktop/com.sun.java.swing.plaf.windows=ALL-UNNAMED" />
    <property name="jdk.launcher.addexports.3" value="java.desktop/sun.awt.im=ALL-UNNAMED" />
    <property name="work.dir" value="E:\JavaLearning\MOOC\mooc-2013-OOProgrammingWithJava-PART1\week4-083.HangmanLogic" />
    <property name="jdk.launcher.addexports.2" value="java.desktop/java.awt.peer=ALL-UNNAMED" />
    <property name="libs.jaxb.classpath" value="D:\Program Files\tmcbeans\ide\modules\ext\jaxb\jaxb-impl.jar;D:\Program Files\tmcbeans\ide\modules\ext\jaxb\jaxb-xjc.jar;D:\Program Files\tmcbeans\ide\modules\ext\jaxb\jaxb1-impl.jar;D:\Program Files\tmcbeans\ide\modules\ext\jaxb\activation.jar;D:\Program Files\tmcbeans\ide\modules\ext\jaxb\api\jaxb-api.jar;D:\Program Files\tmcbeans\ide\modules\ext\jaxb\api\jsr173_1.0_api.jar" />
    <property name="jdk.launcher.addexports.1" value="java.base/jdk.internal.jrtfs=ALL-UNNAMED" />
    <property name="jdk.launcher.addexports.0" value="java.desktop/sun.awt=ALL-UNNAMED" />
    <property name="do.depend" value="false" />
    <property name="dist.javadoc.dir" value="dist/javadoc" />
    <property name="libs.swing-layout.classpath" value="D:\Program Files\tmcbeans\platform\modules\ext\swing-layout-1.0.4.jar" />
    <property name="build.generated.dir" value="build/generated" />
    <property name="javac.source" value="1.6" />
    <property name="line.separator" value="&#xd;&#xa;" />
    <property name="java.specification.version" value="1.8" />
    <property name="libs.jaxws21.maven-pom" value="" />
    <property name="java.vm.info" value="mixed mode" />
    <property name="nb.junit.batch" value="true" />
    <property name="junit.forkmode" value="perTest" />
    <property name="file.reference.hamcrest-core-1.3.jar" value="lib/hamcrest-core-1.3.jar" />
    <property name="sun.boot.class.path" value="C:\Program Files (x86)\Java\jdk1.8.0_101\jre\lib\resources.jar;C:\Program Files (x86)\Java\jdk1.8.0_101\jre\lib\rt.jar;C:\Program Files (x86)\Java\jdk1.8.0_101\jre\lib\sunrsasign.jar;C:\Program Files (x86)\Java\jdk1.8.0_101\jre\lib\jsse.jar;C:\Program Files (x86)\Java\jdk1.8.0_101\jre\lib\jce.jar;C:\Program Files (x86)\Java\jdk1.8.0_101\jre\lib\charsets.jar;C:\Program Files (x86)\Java\jdk1.8.0_101\jre\lib\jfr.jar;C:\Program Files (x86)\Java\jdk1.8.0_101\jre\classes" />
    <property name="javac.target" value="1.6" />
    <property name="built-jar.properties" value="E:\JavaLearning\MOOC\mooc-2013-OOProgrammingWithJava-PART1\week4-083.HangmanLogic\build\built-jar.properties" />
    <property name="build.test.classes.dir" value="build/test/classes" />
    <property name="src.dir" value="src" />
    <property name="annotation.processing.enabled" value="true" />
    <property name="libs.jpa2-persistence.src" value="" />
    <property name="sun.awt.keepWorkingSetOnMinimize" value="true" />
    <property name="libs.jpa20-persistence.src" value="" />
    <property name="libs.JAVADB_DRIVER_LABEL.maven-pom" value="" />
    <property name="ignore.failing.tests" value="true" />
    <property name="dist.dir" value="dist" />
    <property name="testng.debug.mode" value="" />
    <property name="javac.fork" value="false" />
    <property name="java.awt.printerjob" value="sun.awt.windows.WPrinterJob" />
    <property name="default.javac.source" value="1.8" />
    <property name="debug-transport-by-os" value="dt_shmem" />
    <property name="libs.MySQLDriver.src" value="" />
    <property name="sun.jnu.encoding" value="Cp1250" />
    <property name="java.runtime.version" value="1.8.0_101-b13" />
    <property name="build.test.results.dir" value="build/test/results" />
    <property name="ant.file.type.083.HangmanLogic-impl" value="file" />
    <property name="default.javac.target" value="1.8" />
    <property name="libs.junit_4.classpath" value="D:\Program Files\tmcbeans\platform\modules\ext\junit-4.12.jar" />
    <property name="user.timezone" value="" />
    <property name="nb.junit.single" value="false" />
    <property name="libs.JAVADB_DRIVER_LABEL.javadoc" value="" />
    <property name="netbeans.dirs" value="D:\Program Files\tmcbeans\tmcbeans;D:\Program Files\tmcbeans\cnd;D:\Program Files\tmcbeans\dlight;D:\Program Files\tmcbeans\extide;D:\Program Files\tmcbeans\harness;D:\Program Files\tmcbeans\ide;D:\Program Files\tmcbeans\java;D:\Program Files\tmcbeans\javafx;D:\Program Files\tmcbeans\nb;D:\Program Files\tmcbeans\webcommon;D:\Program Files\tmcbeans\websvccommon;D:\Program Files\tmcbeans\mavenmodules" />
    <property name="java.ext.dirs" value="C:\Program Files (x86)\Java\jdk1.8.0_101\jre\lib\ext;C:\WINDOWS\Sun\Java\lib\ext" />
    <property name="endorsed.classpath" value="" />
    <property name="libs.absolutelayout.classpath" value="D:\Program Files\tmcbeans\java\modules\ext\AbsoluteLayout.jar" />
    <property name="excludes" value="" />
    <property name="libs.jpa2-persistence.javadoc" value="D:\Program Files\tmcbeans\java\modules\ext\docs\javax.persistence-2.1.0-doc.zip" />
    <property name="java.class.path" value="E:\JavaLearning\MOOC\mooc-2013-OOProgrammingWithJava-PART1\week4-083.HangmanLogic\build\classes;E:\JavaLearning\MOOC\mooc-2013-OOProgrammingWithJava-PART1\week4-083.HangmanLogic\lib\edu-test-utils-0.4.2.jar;E:\JavaLearning\MOOC\mooc-2013-OOProgrammingWithJava-PART1\week4-083.HangmanLogic\lib\hamcrest-core-1.3.jar;E:\JavaLearning\MOOC\mooc-2013-OOProgrammingWithJava-PART1\week4-083.HangmanLogic\lib\junit-4.11.jar;E:\JavaLearning\MOOC\mooc-2013-OOProgrammingWithJava-PART1\week4-083.HangmanLogic\build\test\classes;E:\LINGO64_11\Lingo11.jar;D:\Program Files\tmcbeans\extide\ant\lib\ant-launcher.jar;D:\Program Files\tmcbeans\extide\ant\lib\ant.jar;D:\Program Files\tmcbeans\extide\ant\lib\ant-junit.jar;D:\Program Files\tmcbeans\extide\ant\lib\ant-junit4.jar" />
    <property name="apple.laf.useScreenMenuBar" value="true" />
    <property name="do.mkdist" value="true" />
    <property name="libs.absolutelayout.src" value="" />
    <property name="libs.jpa20-persistence.classpath" value="D:\Program Files\tmcbeans\java\modules\ext\eclipselink\javax.persistence_2.1.0.v201304241213.jar" />
    <property name="os.version" value="10.0" />
    <property name="application.args" value="" />
    <property name="sun.awt.enableExtraMouseButtons" value="true" />
    <property name="main.class.available" value="true" />
    <property name="sun.desktop" value="windows" />
    <property name="libs.hibernate4-persistence.src" value="" />
    <property name="libs.hibernate4-support.maven-pom" value="" />
    <property name="libs.JAXB-ENDORSED.classpath" value="D:\Program Files\tmcbeans\ide\modules\ext\jaxb\api\jaxb-api.jar" />
    <property name="nb.internal.action.name" value="test" />
    <property name="libs.eclipselink.classpath" value="D:\Program Files\tmcbeans\java\modules\ext\eclipselink\eclipselink.jar;D:\Program Files\tmcbeans\java\modules\ext\eclipselink\javax.persistence_2.1.0.v201304241213.jar;D:\Program Files\tmcbeans\java\modules\ext\eclipselink\org.eclipse.persistence.jpa.jpql_2.5.2.v20140319-9ad6abd.jar" />
    <property name="libs.beans-binding.javadoc" value="D:\Program Files\tmcbeans\java\docs\beansbinding-1.2.1-doc.zip" />
    <property name="java.awt.graphicsenv" value="sun.awt.Win32GraphicsEnvironment" />
    <property name="java.vm.vendor" value="Oracle Corporation" />
    <property name="libs.CopyLibs.classpath" value="D:\Program Files\tmcbeans\java\ant\extra\org-netbeans-modules-java-j2seproject-copylibstask.jar" />
    <property name="libs.spring-framework300.classpath" value="D:\Program Files\tmcbeans\ide\modules\org-apache-commons-logging.jar;D:\Program Files\tmcbeans\java\modules\ext\cglib-2.2.jar;D:\Program Files\tmcbeans\java\modules\ext\spring-3.0\spring-aop-3.2.7.RELEASE.jar;D:\Program Files\tmcbeans\java\modules\ext\spring-3.0\spring-aspects-3.2.7.RELEASE.jar;D:\Program Files\tmcbeans\java\modules\ext\spring-3.0\spring-beans-3.2.7.RELEASE.jar;D:\Program Files\tmcbeans\java\modules\ext\spring-3.0\spring-build-src-3.2.7.RELEASE.jar;D:\Program Files\tmcbeans\java\modules\ext\spring-3.0\spring-context-3.2.7.RELEASE.jar;D:\Program Files\tmcbeans\java\modules\ext\spring-3.0\spring-context-support-3.2.7.RELEASE.jar;D:\Program Files\tmcbeans\java\modules\ext\spring-3.0\spring-core-3.2.7.RELEASE.jar;D:\Program Files\tmcbeans\java\modules\ext\spring-3.0\spring-expression-3.2.7.RELEASE.jar;D:\Program Files\tmcbeans\java\modules\ext\spring-3.0\spring-framework-bom-3.2.7.RELEASE.jar;D:\Program Files\tmcbeans\java\modules\ext\spring-3.0\spring-instrument-3.2.7.RELEASE.jar;D:\Program Files\tmcbeans\java\modules\ext\spring-3.0\spring-instrument-tomcat-3.2.7.RELEASE.jar;D:\Program Files\tmcbeans\java\modules\ext\spring-3.0\spring-jdbc-3.2.7.RELEASE.jar;D:\Program Files\tmcbeans\java\modules\ext\spring-3.0\spring-jms-3.2.7.RELEASE.jar;D:\Program Files\tmcbeans\java\modules\ext\spring-3.0\spring-orm-3.2.7.RELEASE.jar;D:\Program Files\tmcbeans\java\modules\ext\spring-3.0\spring-oxm-3.2.7.RELEASE.jar;D:\Program Files\tmcbeans\java\modules\ext\spring-3.0\spring-struts-3.2.7.RELEASE.jar;D:\Program Files\tmcbeans\java\modules\ext\spring-3.0\spring-test-3.2.7.RELEASE.jar;D:\Program Files\tmcbeans\java\modules\ext\spring-3.0\spring-tx-3.2.7.RELEASE.jar;D:\Program Files\tmcbeans\java\modules\ext\spring-3.0\spring-web-3.2.7.RELEASE.jar;D:\Program Files\tmcbeans\java\modules\ext\spring-3.0\spring-webmvc-3.2.7.RELEASE.jar;D:\Program Files\tmcbeans\java\modules\ext\spring-3.0\spring-webmvc-portlet-3.2.7.RELEASE.jar" />
    <property name="libs.hamcrest.src" value="" />
    <property name="run.jvmargs" value="" />
    <property name="libs.hibernate4-persistence.classpath" value="D:\Program Files\tmcbeans\java\modules\ext\hibernate4\antlr-2.7.7.jar;D:\Program Files\tmcbeans\java\modules\ext\hibernate4\c3p0-0.9.2.1.jar;D:\Program Files\tmcbeans\java\modules\ext\hibernate4\hibernate-c3p0-4.3.1.Final.jar;D:\Program Files\tmcbeans\java\modules\ext\hibernate4\mchange-commons-java-0.2.3.4.jar;D:\Program Files\tmcbeans\java\modules\ext\hibernate4\dom4j-1.6.1.jar;D:\Program Files\tmcbeans\java\modules\ext\hibernate4\ehcache-core-2.4.3.jar;D:\Program Files\tmcbeans\java\modules\ext\hibernate4\hibernate-ehcache-4.3.1.Final.jar;D:\Program Files\tmcbeans\java\modules\ext\hibernate4\hibernate-core-4.3.1.Final.jar;D:\Program Files\tmcbeans\java\modules\ext\hibernate4\jboss-logging-3.1.3.GA.jar;D:\Program Files\tmcbeans\java\modules\ext\hibernate4\hibernate-commons-annotations-4.0.4.Final.jar;D:\Program Files\tmcbeans\java\modules\ext\hibernate4\hibernate-entitymanager-4.3.1.Final.jar;D:\Program Files\tmcbeans\java\modules\ext\hibernate4\javassist-3.18.1-GA.jar;D:\Program Files\tmcbeans\java\modules\ext\hibernate4\jboss-transaction-api_1.2_spec-1.0.0.Final.jar;D:\Program Files\tmcbeans\java\modules\ext\hibernate4\slf4j-api-1.6.1.jar;D:\Program Files\tmcbeans\java\modules\ext\hibernate4\slf4j-simple-1.6.1.jar;D:\Program Files\tmcbeans\java\modules\ext\hibernate4\hibernate-jpa-2.1-api-1.0.0.Final.jar" />
    <property name="libs.JAXB-ENDORSED.src" value="" />
    <property name="libs.testng.javadoc" value="D:\Program Files\tmcbeans\platform\docs\testng-6.8.1-javadoc.zip" />
    <property name="user.script" value="" />
    <property name="libs.PostgreSQLDriver.classpath" value="D:\Program Files\tmcbeans\ide\modules\ext\postgresql-9.4.1209.jar" />
    <property name="jnlp.signing" value="" />
    <property name="libs.hibernate4-persistencemodelgen.classpath" value="D:\Program Files\tmcbeans\java\modules\ext\hibernate4\hibernate-jpamodelgen-4.3.1.Final.jar" />
    <property name="jnlp.signed" value="false" />
    <property name="annotation.processing.source.output" value="build/generated-sources/ap-source-output" />
    <property name="main.class" value="Main" />
    <property name="libs.CopyLibs.src" value="" />
    <property name="build.dir" value="build" />
    <property name="ant.version" value="Apache Ant(TM) version 1.9.7 compiled on April 9 2016" />
    <property name="file.encoding" value="Cp1250" />
    <property name="build.classes.excludes" value="**/*.java,**/*.form" />
    <property name="jdkBug6558476" value="false" />
    <property name="javadoc.nonavbar" value="false" />
    <property name="platform.active" value="default_platform" />
    <property name="awt.toolkit" value="sun.awt.windows.WToolkit" />
  </properties>
  <testcase classname="HangmanLogicTest" name="faultsZeroAtStart" time="0.002" />
  <testcase classname="HangmanLogicTest" name="guessedLetterIsAddedToTheSetOfGuessed" time="0.037">
    <failure message="The guessed letter should be included to the already guessed letters." type="junit.framework.AssertionFailedError">junit.framework.AssertionFailedError: The guessed letter should be included to the already guessed letters.
	at HangmanLogicTest.guessedLetterIsAddedToTheSetOfGuessed(HangmanLogicTest.java:44)
</failure>
  </testcase>
  <testcase classname="HangmanLogicTest" name="wrongGuessIncreasesFaults" time="0.0">
    <failure message="With a wrong guess, the number of faults should increase by one" type="junit.framework.AssertionFailedError">junit.framework.AssertionFailedError: With a wrong guess, the number of faults should increase by one
	at HangmanLogicTest.wrongGuessIncreasesFaults(HangmanLogicTest.java:35)
</failure>
  </testcase>
  <testcase classname="HangmanLogicTest" name="hiddenWordShort" time="0.001">
    <failure message="Hidden version of word length of four should be ____ expected:&lt;[____]&gt; but was:&lt;[]&gt;" type="junit.framework.AssertionFailedError">junit.framework.AssertionFailedError: Hidden version of word length of four should be ____ expected:&lt;[____]&gt; but was:&lt;[]&gt;
	at HangmanLogicTest.hiddenWordShort(HangmanLogicTest.java:109)
</failure>
  </testcase>
  <testcase classname="HangmanLogicTest" name="hiddenWordLong" time="0.0">
    <failure message="Hidden version of word length of eight should be  ________ expected:&lt;[________]&gt; but was:&lt;[]&gt;" type="junit.framework.AssertionFailedError">junit.framework.AssertionFailedError: Hidden version of word length of eight should be  ________ expected:&lt;[________]&gt; but was:&lt;[]&gt;
	at HangmanLogicTest.hiddenWordLong(HangmanLogicTest.java:100)
</failure>
  </testcase>
  <testcase classname="HangmanLogicTest" name="guessedLettersEmptyAtStart" time="0.0" />
  <testcase classname="HangmanLogicTest" name="guessedLetterIsAddedToTheSetOfGuessedOnlyOnce" time="0.0">
    <failure message="The guessed letter should be included to the already guessed only once!" type="junit.framework.AssertionFailedError">junit.framework.AssertionFailedError: The guessed letter should be included to the already guessed only once!
	at HangmanLogicTest.guessedLetterIsAddedToTheSetOfGuessedOnlyOnce(HangmanLogicTest.java:64)
</failure>
  </testcase>
  <testcase classname="HangmanLogicTest" name="guessedLetterIsAddedToTheSetOfGuessed2" time="0.0">
    <failure message="The guessed letter should be included to the already guessed letters." type="junit.framework.AssertionFailedError">junit.framework.AssertionFailedError: The guessed letter should be included to the already guessed letters.
	at HangmanLogicTest.guessedLetterIsAddedToTheSetOfGuessed2(HangmanLogicTest.java:54)
</failure>
  </testcase>
  <testcase classname="HangmanLogicTest" name="hiddenWordChangesWithCorrectGuesses" time="0.0">
    <failure message="When the word MOOC has letter O correctly guessed,the hidden word should be _OO_ expected:&lt;[_OO_]&gt; but was:&lt;[]&gt;" type="junit.framework.AssertionFailedError">junit.framework.AssertionFailedError: When the word MOOC has letter O correctly guessed,the hidden word should be _OO_ expected:&lt;[_OO_]&gt; but was:&lt;[]&gt;
	at HangmanLogicTest.hiddenWordChangesWithCorrectGuesses(HangmanLogicTest.java:119)
</failure>
  </testcase>
  <testcase classname="HangmanLogicTest" name="withTwoLetters" time="0.002">
    <failure message="The set of guessed letters should grow then two different letters guessed" type="junit.framework.AssertionFailedError">junit.framework.AssertionFailedError: The set of guessed letters should grow then two different letters guessed
	at HangmanLogicTest.withTwoLetters(HangmanLogicTest.java:90)
</failure>
  </testcase>
  <testcase classname="HangmanLogicTest" name="rightGuessHasNoEffectOnFaults" time="0.001" />
  <testcase classname="HangmanLogicTest" name="numberOfFaultsDoesNotIncreaseWithAlreadyGuessedLetter" time="0.001">
    <failure message="Number of faults should not increase if a already guessed letter is guessed again" type="junit.framework.AssertionFailedError">junit.framework.AssertionFailedError: Number of faults should not increase if a already guessed letter is guessed again
	at HangmanLogicTest.numberOfFaultsDoesNotIncreaseWithAlreadyGuessedLetter(HangmanLogicTest.java:75)
</failure>
  </testcase>
  <system-out><![CDATA[]]></system-out>
  <system-err><![CDATA[]]></system-err>
</testsuite>
